<?xml version="1.0" encoding="UTF-8"?>
<!-- Generated by org.testng.reporters.JUnitReportReporter -->
<testsuite hostname="DESKTOP-QUE7TEM" failures="0" tests="1" name="SeleniumProject.SeleniumProject.BankingTest" time="6.479" errors="0" timestamp="2023-10-04T14:34:08 IST" skipped="0">
  <testcase classname="SeleniumProject.SeleniumProject.BankingTest" name="testGoogle" time="6.479"/>
  <system-out/>
</testsuite> <!-- SeleniumProject.SeleniumProject.BankingTest -->
